2026-07-16T15:11:51.372Z Starting bus search from Hyderabad to Nellore on 16/07/2026
2026-07-16T15:12:02.257Z Opened VKA Veris website
2026-07-16T15:12:04.031Z Selected origin: Hyderabad
2026-07-16T15:12:04.787Z Starting bus search from Hyderabad to Nellore on 16/07/2026
2026-07-16T15:12:05.547Z Selected destination: Nellore
2026-07-16T15:12:06.129Z Filled travel date: 16/07/2026
2026-07-16T15:12:06.686Z Clicked Search
2026-07-16T15:12:08.614Z Opened VKA Veris website
2026-07-16T15:12:11.470Z Selected origin: Hyderabad
2026-07-16T15:12:11.805Z Scrolling for results...
2026-07-16T15:12:11.826Z Final grid count: 0
2026-07-16T15:12:11.835Z Bus count: 15
2026-07-16T15:12:11.851Z Bus No 9: Bus Type
2026-07-16T15:12:11.867Z Bus No 10: Bus Type
2+1, Volvo 9600 Premium Multiaxle Sleeper, AC (40 seats)
AP 39 WR 7877
2026-07-16T15:12:11.882Z Bus No 11: Bus Type
2+1, Volvo 9600 Premium Multiaxle Sleeper, AC (40 seats)
NL 01 B 3714
2026-07-16T15:12:11.890Z Bus No 12: Bus Type
2+1, Sleeper/Seater, Non-AC (38 seats)
NL 01 B 2987
2026-07-16T15:12:11.907Z Bus No 13: Bus Type
2+1, VE Eicher AC Sleeper (2+1) , AC, Non-Video (36 seats)
NL 01 B 3701
2026-07-16T15:12:11.916Z Bus No 14: Bus Type
2+1, Volvo 9600 SLX Premium Multiaxle Sleeper, AC (40 seats)
AP 39 WM 3566
2026-07-16T15:12:11.926Z Seat count: 5
2026-07-16T15:12:11.935Z Seats 0: BUS CONDUCTOR NO:8886699036
2026-07-16T15:12:11.945Z Seats 1: BUS CONDUCTOR NO:8886699050
2026-07-16T15:12:11.952Z Seats 2: BUS CONDUCTOR NO:8886699370
2026-07-16T15:12:11.977Z Seats 3: BUS CONDUCTOR NO:8886619058
2026-07-16T15:12:11.986Z Seats 4: BUS CONDUCTOR NO:8886619055
2026-07-16T15:12:11.997Z Time count: 10
2026-07-16T15:12:12.005Z (Start): 09:30 PM
2026-07-16T15:12:12.013Z (Arrival): 07:20 AM
2026-07-16T15:12:12.021Z (Start): 09:30 PM
2026-07-16T15:12:12.031Z (Arrival): 07:30 AM
2026-07-16T15:12:12.039Z (Start): 09:00 PM
2026-07-16T15:12:12.050Z (Arrival): 07:20 AM
2026-07-16T15:12:12.058Z (Start): 07:00 PM
2026-07-16T15:12:12.067Z (Arrival): 05:00 AM
2026-07-16T15:12:12.075Z (Start): 07:00 PM
2026-07-16T15:12:12.084Z (Arrival): 04:30 AM
2026-07-16T15:12:12.093Z Total View Seats buttons: 5
2026-07-16T15:12:14.743Z Selected destination: Nellore
2026-07-16T15:12:16.396Z Filled travel date: 16/07/2026
2026-07-16T15:12:16.561Z Captured screenshot for bus 1
2026-07-16T15:12:17.649Z Clicked Search
2026-07-16T15:12:21.955Z Captured screenshot for bus 2
2026-07-16T15:12:22.913Z Scrolling for results...
2026-07-16T15:12:22.947Z Final grid count: 0
2026-07-16T15:12:22.972Z Bus count: 15
2026-07-16T15:12:23.006Z Bus No 9: Bus Type
2026-07-16T15:12:23.039Z Bus No 10: Bus Type
2+1, Volvo 9600 Premium Multiaxle Sleeper, AC (40 seats)
AP 39 WR 7877
2026-07-16T15:12:23.066Z Bus No 11: Bus Type
2+1, Volvo 9600 Premium Multiaxle Sleeper, AC (40 seats)
NL 01 B 3714
2026-07-16T15:12:23.077Z Bus No 12: Bus Type
2+1, Sleeper/Seater, Non-AC (38 seats)
NL 01 B 2987
2026-07-16T15:12:23.101Z Bus No 13: Bus Type
2+1, VE Eicher AC Sleeper (2+1) , AC, Non-Video (36 seats)
NL 01 B 3701
2026-07-16T15:12:23.111Z Bus No 14: Bus Type
2+1, Volvo 9600 SLX Premium Multiaxle Sleeper, AC (40 seats)
AP 39 WM 3566
2026-07-16T15:12:23.122Z Seat count: 5
2026-07-16T15:12:23.134Z Seats 0: BUS CONDUCTOR NO:8886699036
2026-07-16T15:12:23.144Z Seats 1: BUS CONDUCTOR NO:8886699050
2026-07-16T15:12:23.154Z Seats 2: BUS CONDUCTOR NO:8886699370
2026-07-16T15:12:23.164Z Seats 3: BUS CONDUCTOR NO:8886619058
2026-07-16T15:12:23.175Z Seats 4: BUS CONDUCTOR NO:8886619055
2026-07-16T15:12:23.184Z Time count: 10
2026-07-16T15:12:23.196Z (Start): 09:30 PM
2026-07-16T15:12:23.208Z (Arrival): 07:20 AM
2026-07-16T15:12:23.222Z (Start): 09:30 PM
2026-07-16T15:12:23.233Z (Arrival): 07:30 AM
2026-07-16T15:12:23.243Z (Start): 09:00 PM
2026-07-16T15:12:23.252Z (Arrival): 07:20 AM
2026-07-16T15:12:23.261Z (Start): 07:00 PM
2026-07-16T15:12:23.270Z (Arrival): 05:00 AM
2026-07-16T15:12:23.281Z (Start): 07:00 PM
2026-07-16T15:12:23.297Z (Arrival): 04:30 AM
2026-07-16T15:12:23.309Z Total View Seats buttons: 5
2026-07-16T15:12:27.425Z Captured screenshot for bus 3
2026-07-16T15:12:28.720Z Captured screenshot for bus 1
2026-07-16T15:12:32.895Z Captured screenshot for bus 4
2026-07-16T15:12:34.957Z Captured screenshot for bus 2
2026-07-16T15:12:38.376Z Captured screenshot for bus 5
2026-07-16T15:12:41.117Z Captured screenshot for bus 3
2026-07-16T15:12:47.202Z Captured screenshot for bus 4
2026-07-16T15:12:53.482Z Captured screenshot for bus 5
2026-07-16T15:13:21.856Z Starting bus search from Hyderabad to Nellore on 16/07/2026
2026-07-16T15:13:30.604Z Opened VKA Veris website
2026-07-16T15:13:41.886Z Selected origin: Hyderabad
2026-07-16T15:13:49.780Z Selected destination: Nellore
2026-07-16T15:13:51.504Z Filled travel date: 16/07/2026
2026-07-16T15:13:52.715Z Clicked Search
2026-07-16T15:13:57.883Z Scrolling for results...
2026-07-16T15:13:57.902Z Final grid count: 0
2026-07-16T15:13:57.927Z Bus count: 15
2026-07-16T15:13:57.950Z Bus No 9: Bus Type
2026-07-16T15:13:57.979Z Bus No 10: Bus Type
2+1, Volvo 9600 Premium Multiaxle Sleeper, AC (40 seats)
AP 39 WR 7877
2026-07-16T15:13:58.001Z Bus No 11: Bus Type
2+1, Volvo 9600 Premium Multiaxle Sleeper, AC (40 seats)
NL 01 B 3714
2026-07-16T15:13:58.018Z Bus No 12: Bus Type
2+1, Sleeper/Seater, Non-AC (38 seats)
NL 01 B 2987
2026-07-16T15:13:58.041Z Bus No 13: Bus Type
2+1, VE Eicher AC Sleeper (2+1) , AC, Non-Video (36 seats)
NL 01 B 3701
2026-07-16T15:13:58.063Z Bus No 14: Bus Type
2+1, Volvo 9600 SLX Premium Multiaxle Sleeper, AC (40 seats)
AP 39 WM 3566
2026-07-16T15:13:58.076Z Seat count: 5
2026-07-16T15:13:58.087Z Seats 0: BUS CONDUCTOR NO:8886699036
2026-07-16T15:13:58.097Z Seats 1: BUS CONDUCTOR NO:8886699050
2026-07-16T15:13:58.105Z Seats 2: BUS CONDUCTOR NO:8886699370
2026-07-16T15:13:58.116Z Seats 3: BUS CONDUCTOR NO:8886619058
2026-07-16T15:13:58.131Z Seats 4: BUS CONDUCTOR NO:8886619055
2026-07-16T15:13:58.144Z Time count: 10
2026-07-16T15:13:58.157Z (Start): 09:30 PM
2026-07-16T15:13:58.164Z (Arrival): 07:20 AM
2026-07-16T15:13:58.170Z (Start): 09:30 PM
2026-07-16T15:13:58.177Z (Arrival): 07:30 AM
2026-07-16T15:13:58.183Z (Start): 09:00 PM
2026-07-16T15:13:58.189Z (Arrival): 07:20 AM
2026-07-16T15:13:58.204Z (Start): 07:00 PM
2026-07-16T15:13:58.219Z (Arrival): 05:00 AM
2026-07-16T15:13:58.238Z (Start): 07:00 PM
2026-07-16T15:13:58.251Z (Arrival): 04:30 AM
2026-07-16T15:13:58.263Z Total View Seats buttons: 5
2026-07-16T15:14:02.933Z Captured screenshot for bus 1
2026-07-16T15:14:08.540Z Captured screenshot for bus 2
2026-07-16T15:14:14.204Z Captured screenshot for bus 3
2026-07-16T15:14:19.717Z Captured screenshot for bus 4
2026-07-16T15:14:25.624Z Captured screenshot for bus 5
2026-07-16T15:15:51.277Z Starting bus search from Hyderabad to Nellore on 16/07/2026
2026-07-16T15:15:54.165Z Starting bus search from Hyderabad to Nellore on 16/07/2026
2026-07-16T15:15:55.434Z Starting bus search from Hyderabad to Nellore on 16/07/2026
2026-07-16T15:15:58.666Z Opened VKA Veris website
2026-07-16T15:16:00.223Z Selected origin: Hyderabad
2026-07-16T15:16:01.788Z Selected destination: Nellore
2026-07-16T15:16:02.246Z Opened VKA Veris website
2026-07-16T15:16:02.331Z Filled travel date: 16/07/2026
2026-07-16T15:16:02.470Z Opened VKA Veris website
2026-07-16T15:16:02.925Z Clicked Search
2026-07-16T15:16:04.401Z Selected origin: Hyderabad
2026-07-16T15:16:05.522Z Selected origin: Hyderabad
2026-07-16T15:16:06.371Z Selected destination: Nellore
2026-07-16T15:16:07.450Z Filled travel date: 16/07/2026
2026-07-16T15:16:08.026Z Scrolling for results...
2026-07-16T15:16:08.031Z Selected destination: Nellore
2026-07-16T15:16:08.034Z Final grid count: 0
2026-07-16T15:16:08.045Z Bus count: 15
2026-07-16T15:16:08.055Z Bus No 9: Bus Type
2026-07-16T15:16:08.064Z Bus No 10: Bus Type
2+1, Volvo 9600 Premium Multiaxle Sleeper, AC (40 seats)
AP 39 WR 7877
2026-07-16T15:16:08.071Z Bus No 11: Bus Type
2+1, Volvo 9600 Premium Multiaxle Sleeper, AC (40 seats)
NL 01 B 3714
2026-07-16T15:16:08.079Z Bus No 12: Bus Type
2+1, Sleeper/Seater, Non-AC (38 seats)
NL 01 B 2987
2026-07-16T15:16:08.086Z Bus No 13: Bus Type
2+1, VE Eicher AC Sleeper (2+1) , AC, Non-Video (36 seats)
NL 01 B 3701
2026-07-16T15:16:08.094Z Bus No 14: Bus Type
2+1, Volvo 9600 SLX Premium Multiaxle Sleeper, AC (40 seats)
AP 39 WM 3566
2026-07-16T15:16:08.101Z Seat count: 5
2026-07-16T15:16:08.109Z Seats 0: BUS CONDUCTOR NO:8886699036
2026-07-16T15:16:08.116Z Seats 1: BUS CONDUCTOR NO:8886699050
2026-07-16T15:16:08.127Z Seats 2: BUS CONDUCTOR NO:8886699370
2026-07-16T15:16:08.137Z Seats 3: BUS CONDUCTOR NO:8886619058
2026-07-16T15:16:08.147Z Seats 4: BUS CONDUCTOR NO:8886619055
2026-07-16T15:16:08.155Z Time count: 10
2026-07-16T15:16:08.163Z (Start): 09:30 PM
2026-07-16T15:16:08.170Z (Arrival): 07:20 AM
2026-07-16T15:16:08.179Z (Start): 09:30 PM
2026-07-16T15:16:08.186Z (Arrival): 07:30 AM
2026-07-16T15:16:08.196Z (Start): 09:00 PM
2026-07-16T15:16:08.202Z (Arrival): 07:20 AM
2026-07-16T15:16:08.214Z (Start): 07:00 PM
2026-07-16T15:16:08.221Z (Arrival): 05:00 AM
2026-07-16T15:16:08.229Z (Start): 07:00 PM
2026-07-16T15:16:08.236Z (Arrival): 04:30 AM
2026-07-16T15:16:08.246Z Total View Seats buttons: 5
2026-07-16T15:16:08.391Z Clicked Search
2026-07-16T15:16:09.253Z Filled travel date: 16/07/2026
2026-07-16T15:16:10.537Z Clicked Search
2026-07-16T15:16:12.688Z Captured screenshot for bus 1
2026-07-16T15:16:13.493Z Scrolling for results...
2026-07-16T15:16:13.500Z Final grid count: 0
2026-07-16T15:16:13.513Z Bus count: 15
2026-07-16T15:16:13.528Z Bus No 9: Bus Type
2026-07-16T15:16:13.539Z Bus No 10: Bus Type
2+1, Volvo 9600 Premium Multiaxle Sleeper, AC (40 seats)
AP 39 WR 7877
2026-07-16T15:16:13.546Z Bus No 11: Bus Type
2+1, Volvo 9600 Premium Multiaxle Sleeper, AC (40 seats)
NL 01 B 3714
2026-07-16T15:16:13.553Z Bus No 12: Bus Type
2+1, Sleeper/Seater, Non-AC (38 seats)
NL 01 B 2987
2026-07-16T15:16:13.563Z Bus No 13: Bus Type
2+1, VE Eicher AC Sleeper (2+1) , AC, Non-Video (36 seats)
NL 01 B 3701
2026-07-16T15:16:13.571Z Bus No 14: Bus Type
2+1, Volvo 9600 SLX Premium Multiaxle Sleeper, AC (40 seats)
AP 39 WM 3566
2026-07-16T15:16:13.587Z Seat count: 5
2026-07-16T15:16:13.597Z Seats 0: BUS CONDUCTOR NO:8886699036
2026-07-16T15:16:13.607Z Seats 1: BUS CONDUCTOR NO:8886699050
2026-07-16T15:16:13.614Z Seats 2: BUS CONDUCTOR NO:8886699370
2026-07-16T15:16:13.625Z Seats 3: BUS CONDUCTOR NO:8886619058
2026-07-16T15:16:13.632Z Seats 4: BUS CONDUCTOR NO:8886619055
2026-07-16T15:16:13.641Z Time count: 10
2026-07-16T15:16:13.654Z (Start): 09:30 PM
2026-07-16T15:16:13.672Z (Arrival): 07:20 AM
2026-07-16T15:16:13.685Z (Start): 09:30 PM
2026-07-16T15:16:13.704Z (Arrival): 07:30 AM
2026-07-16T15:16:13.721Z (Start): 09:00 PM
2026-07-16T15:16:13.734Z (Arrival): 07:20 AM
2026-07-16T15:16:13.749Z (Start): 07:00 PM
2026-07-16T15:16:13.771Z (Arrival): 05:00 AM
2026-07-16T15:16:13.793Z (Start): 07:00 PM
2026-07-16T15:16:13.807Z (Arrival): 04:30 AM
2026-07-16T15:16:13.830Z Total View Seats buttons: 5
2026-07-16T15:16:15.750Z Scrolling for results...
2026-07-16T15:16:15.767Z Final grid count: 0
2026-07-16T15:16:15.800Z Bus count: 15
2026-07-16T15:16:15.830Z Bus No 9: Bus Type
2026-07-16T15:16:15.874Z Bus No 10: Bus Type
2+1, Volvo 9600 Premium Multiaxle Sleeper, AC (40 seats)
AP 39 WR 7877
2026-07-16T15:16:15.916Z Bus No 11: Bus Type
2+1, Volvo 9600 Premium Multiaxle Sleeper, AC (40 seats)
NL 01 B 3714
2026-07-16T15:16:15.928Z Bus No 12: Bus Type
2+1, Sleeper/Seater, Non-AC (38 seats)
NL 01 B 2987
2026-07-16T15:16:15.944Z Bus No 13: Bus Type
2+1, VE Eicher AC Sleeper (2+1) , AC, Non-Video (36 seats)
NL 01 B 3701
2026-07-16T15:16:15.959Z Bus No 14: Bus Type
2+1, Volvo 9600 SLX Premium Multiaxle Sleeper, AC (40 seats)
AP 39 WM 3566
2026-07-16T15:16:15.971Z Seat count: 5
2026-07-16T15:16:15.982Z Seats 0: BUS CONDUCTOR NO:8886699036
2026-07-16T15:16:15.998Z Seats 1: BUS CONDUCTOR NO:8886699050
2026-07-16T15:16:16.016Z Seats 2: BUS CONDUCTOR NO:8886699370
2026-07-16T15:16:16.025Z Seats 3: BUS CONDUCTOR NO:8886619058
2026-07-16T15:16:16.032Z Seats 4: BUS CONDUCTOR NO:8886619055
2026-07-16T15:16:16.045Z Time count: 10
2026-07-16T15:16:16.055Z (Start): 09:30 PM
2026-07-16T15:16:16.069Z (Arrival): 07:20 AM
2026-07-16T15:16:16.083Z (Start): 09:30 PM
2026-07-16T15:16:16.100Z (Arrival): 07:30 AM
2026-07-16T15:16:16.117Z (Start): 09:00 PM
2026-07-16T15:16:16.143Z (Arrival): 07:20 AM
2026-07-16T15:16:16.154Z (Start): 07:00 PM
2026-07-16T15:16:16.166Z (Arrival): 05:00 AM
2026-07-16T15:16:16.176Z (Start): 07:00 PM
2026-07-16T15:16:16.188Z (Arrival): 04:30 AM
2026-07-16T15:16:16.202Z Total View Seats buttons: 5
2026-07-16T15:16:18.116Z Captured screenshot for bus 2
2026-07-16T15:16:18.397Z Captured screenshot for bus 1
2026-07-16T15:16:21.417Z Captured screenshot for bus 1
2026-07-16T15:16:23.499Z Captured screenshot for bus 3
2026-07-16T15:16:23.961Z Captured screenshot for bus 2
2026-07-16T15:16:27.636Z Captured screenshot for bus 2
2026-07-16T15:16:28.919Z Captured screenshot for bus 4
2026-07-16T15:16:29.588Z Captured screenshot for bus 3
2026-07-16T15:16:33.996Z Captured screenshot for bus 3
2026-07-16T15:16:34.383Z Captured screenshot for bus 5
2026-07-16T15:16:35.167Z Captured screenshot for bus 4
2026-07-16T15:16:40.295Z Captured screenshot for bus 4
2026-07-16T15:16:40.620Z Captured screenshot for bus 5
2026-07-16T15:16:46.505Z Captured screenshot for bus 5
2026-07-16T15:16:50.777Z Starting bus search from Hyderabad to Nellore on 16/07/2026
2026-07-16T15:16:54.660Z Starting bus search from Hyderabad to Nellore on 16/07/2026
2026-07-16T15:16:55.982Z Starting bus search from Hyderabad to Nellore on 16/07/2026
2026-07-16T15:16:57.973Z Opened VKA Veris website
2026-07-16T15:16:59.450Z Selected origin: Hyderabad
2026-07-16T15:17:00.940Z Selected destination: Nellore
2026-07-16T15:17:01.446Z Filled travel date: 16/07/2026
2026-07-16T15:17:02.045Z Clicked Search
2026-07-16T15:17:03.295Z Opened VKA Veris website
